<?xml version="1.0" encoding="utf-8" standalone="no"?>
<!--This file represents the results of running a test suite-->
<test-results name="C:\Dokumente und Einstellungen\Administrator\Eigene Dateien\NerdGolfTracker\UnitTests\NerdGolfTracker.nunit" total="3" errors="0" failures="2" not-run="0" inconclusive="0" ignored="0" skipped="0" invalid="0" date="2011-09-13" time="10:58:39">
  <environment nunit-version="2.5.10.11092" clr-version="2.0.50727.3623" os-version="Microsoft Windows NT 5.1.2600 Service Pack 3" platform="Win32NT" cwd="C:\Dokumente und Einstellungen\Administrator\Eigene Dateien\NerdGolfTracker\UnitTests" machine-name="MARKOSCHULZD3B3" user="Administrator" user-domain="MARKOSCHULZD3B3" />
  <culture-info current-culture="de-DE" current-uiculture="de-DE" />
  <test-suite type="Project" name="C:\Dokumente und Einstellungen\Administrator\Eigene Dateien\NerdGolfTracker\UnitTests\NerdGolfTracker.nunit" executed="True" result="Failure" success="False" time="0.047" asserts="0">
    <results>
      <test-suite type="Assembly" name="C:\Dokumente und Einstellungen\Administrator\Eigene Dateien\NerdGolfTracker\UnitTests\bin\Debug\UnitTests.dll" executed="True" result="Failure" success="False" time="0.047" asserts="0">
        <results>
          <test-suite type="Namespace" name="UnitTests" executed="True" result="Failure" success="False" time="0.047" asserts="0">
            <results>
              <test-suite type="TestFixture" name="EinfacheScorecardTest" executed="True" result="Failure" success="False" time="0.016" asserts="0">
                <results>
                  <test-case name="UnitTests.EinfacheScorecardTest.InkrementiertSchlagzahlEinmal" executed="True" result="Failure" success="False" time="0.000" asserts="1">
                    <failure>
                      <message><![CDATA[  Expected: 1
  But was:  0
]]></message>
                      <stack-trace><![CDATA[bei UnitTests.EinfacheScorecardTest.InkrementiertSchlagzahlEinmal() in C:\Dokumente und Einstellungen\Administrator\Eigene Dateien\NerdGolfTracker\UnitTests\EinfacheScorecardTest.cs:Zeile 24.
]]></stack-trace>
                    </failure>
                  </test-case>
                  <test-case name="UnitTests.EinfacheScorecardTest.InkrementiertSchlagzahlMehrmals" executed="True" result="Failure" success="False" time="0.000" asserts="1">
                    <failure>
                      <message><![CDATA[  Expected: 2
  But was:  0
]]></message>
                      <stack-trace><![CDATA[bei UnitTests.EinfacheScorecardTest.InkrementiertSchlagzahlMehrmals() in C:\Dokumente und Einstellungen\Administrator\Eigene Dateien\NerdGolfTracker\UnitTests\EinfacheScorecardTest.cs:Zeile 32.
]]></stack-trace>
                    </failure>
                  </test-case>
                </results>
              </test-suite>
              <test-suite type="TestFixture" name="GolfTrackerTest" executed="True" result="Success" success="True" time="0.031" asserts="0">
                <results>
                  <test-case name="UnitTests.GolfTrackerTest.ZaehltEinenSchlag" executed="True" result="Success" success="True" time="0.016" asserts="1" />
                </results>
              </test-suite>
            </results>
          </test-suite>
        </results>
      </test-suite>
    </results>
  </test-suite>
</test-results>