<?xml version="1.0" encoding="utf-8" standalone="no"?>
<!--This file represents the results of running a test suite-->
<test-results name="C:\Dokumente und Einstellungen\mschulz\Eigene Dateien\Visual Studio 2010\Projects\NerdGolfTracker\AkzeptanzTests\AkzeptanzTests.nunit" total="1" errors="0" failures="1" not-run="0" inconclusive="0" ignored="0" skipped="0" invalid="0" date="2011-09-08" time="17:59:26">
  <environment nunit-version="2.5.10.11092" clr-version="2.0.50727.3615" os-version="Microsoft Windows NT 5.1.2600 Service Pack 3" platform="Win32NT" cwd="C:\Programme\NUnit 2.5.10\bin\net-2.0" machine-name="MSCHULZXPNB" user="mschulz" user-domain="DOCEXPERT" />
  <culture-info current-culture="de-DE" current-uiculture="de-DE" />
  <test-suite type="Project" name="C:\Dokumente und Einstellungen\mschulz\Eigene Dateien\Visual Studio 2010\Projects\NerdGolfTracker\AkzeptanzTests\AkzeptanzTests.nunit" executed="True" result="Failure" success="False" time="0.031" asserts="0">
    <results>
      <test-suite type="Assembly" name="C:\Dokumente und Einstellungen\mschulz\Eigene Dateien\Visual Studio 2010\Projects\NerdGolfTracker\AkzeptanzTests\bin\Debug\AkzeptanzTests.dll" executed="True" result="Failure" success="False" time="0.016" asserts="0">
        <results>
          <test-suite type="Namespace" name="AkzeptanzTests" executed="True" result="Failure" success="False" time="0.016" asserts="0">
            <results>
              <test-suite type="TestFixture" name="BallSchlagenFeature" description="Ball schlagen" executed="True" result="Failure" success="False" time="0.016" asserts="0">
                <results>
                  <test-case name="AkzeptanzTests.BallSchlagenFeature.BallEinmalSchlagen" description="Ball einmal schlagen" executed="True" result="Failure" success="False" time="0.016" asserts="1">
                    <failure>
                      <message><![CDATA[  Expected: True
  But was:  False
]]></message>
                      <stack-trace><![CDATA[at AkzeptanzTests.StepDefinitions.WhenIchDenBallEinmalSchlage() in c:\Dokumente und Einstellungen\mschulz\Eigene Dateien\Visual Studio 2010\Projects\NerdGolfTracker\AkzeptanzTests\StepDefinition1.cs:line 16
at lambda_method(Closure )
at TechTalk.SpecFlow.Bindings.MethodBinding.InvokeAction(Object[] arguments, ITestTracer testTracer, TimeSpan& duration)
at TechTalk.SpecFlow.TestRunner.ExecuteStepMatch(BindingMatch match, Object[] arguments)
at TechTalk.SpecFlow.TestRunner.ExecuteStep(StepArgs stepArgs)
at TechTalk.SpecFlow.TestRunner.CollectScenarioErrors()
at AkzeptanzTests.BallSchlagenFeature.ScenarioCleanup() in c:\Dokumente und Einstellungen\mschulz\Eigene Dateien\Visual Studio 2010\Projects\NerdGolfTracker\AkzeptanzTests\SpecFlowFeature1.feature.cs:line 0
at AkzeptanzTests.BallSchlagenFeature.BallEinmalSchlagen() in c:\Dokumente und Einstellungen\mschulz\Eigene Dateien\Visual Studio 2010\Projects\NerdGolfTracker\AkzeptanzTests\SpecFlowFeature1.feature:line 5
]]></stack-trace>
                    </failure>
                  </test-case>
                </results>
              </test-suite>
            </results>
          </test-suite>
        </results>
      </test-suite>
    </results>
  </test-suite>
</test-results>